<?xml version="1.0" encoding="UTF-8"?>
<testsuite name="ru.stqa.pft.sandbox.PointTests" tests="3" skipped="0" failures="0" errors="0" timestamp="2023-04-15T18:49:18" hostname="DESKTOP-EST4PCU" time="0.009">
  <properties/>
  <testcase name="testPointsInDifferentQuarters" classname="ru.stqa.pft.sandbox.PointTests" time="0.007"/>
  <testcase name="testPointsInSamePlace" classname="ru.stqa.pft.sandbox.PointTests" time="0.0"/>
  <testcase name="testPointsInSameQuarter" classname="ru.stqa.pft.sandbox.PointTests" time="0.0"/>
  <system-out><![CDATA[]]></system-out>
  <system-err><![CDATA[]]></system-err>
</testsuite>
